[35m[1mScanning dependencies of target barkin[0m
[ 50%] [32mBuilding CXX object CMakeFiles/barkin.dir/src/main.cpp.o[0m
[100%] [32m[1mLinking CXX executable barkin[0m
[100%] Built target barkin
-- Install configuration: ""
-- Installing: /home/jh/Dev/barkin_mad_ws/src/axoltl/install/axolotl/lib/axolotl/barkin
-- Set runtime path of "/home/jh/Dev/barkin_mad_ws/src/axoltl/install/axolotl/lib/axolotl/barkin" to ""
-- Up-to-date: /home/jh/Dev/barkin_mad_ws/src/axoltl/install/axolotl/share/ament_index/resource_index/package_run_dependencies/axolotl
-- Up-to-date: /home/jh/Dev/barkin_mad_ws/src/axoltl/install/axolotl/share/ament_index/resource_index/parent_prefix_path/axolotl
-- Up-to-date: /home/jh/Dev/barkin_mad_ws/src/axoltl/install/axolotl/share/axolotl/environment/ament_prefix_path.sh
-- Up-to-date: /home/jh/Dev/barkin_mad_ws/src/axoltl/install/axolotl/share/axolotl/environment/ament_prefix_path.dsv
-- Up-to-date: /home/jh/Dev/barkin_mad_ws/src/axoltl/install/axolotl/share/axolotl/environment/path.sh
-- Up-to-date: /home/jh/Dev/barkin_mad_ws/src/axoltl/install/axolotl/share/axolotl/environment/path.dsv
-- Up-to-date: /home/jh/Dev/barkin_mad_ws/src/axoltl/install/axolotl/share/axolotl/local_setup.bash
-- Up-to-date: /home/jh/Dev/barkin_mad_ws/src/axoltl/install/axolotl/share/axolotl/local_setup.sh
-- Up-to-date: /home/jh/Dev/barkin_mad_ws/src/axoltl/install/axolotl/share/axolotl/local_setup.zsh
-- Up-to-date: /home/jh/Dev/barkin_mad_ws/src/axoltl/install/axolotl/share/axolotl/local_setup.dsv
-- Installing: /home/jh/Dev/barkin_mad_ws/src/axoltl/install/axolotl/share/axolotl/package.dsv
-- Up-to-date: /home/jh/Dev/barkin_mad_ws/src/axoltl/install/axolotl/share/ament_index/resource_index/packages/axolotl
-- Up-to-date: /home/jh/Dev/barkin_mad_ws/src/axoltl/install/axolotl/share/axolotl/cmake/axolotlConfig.cmake
-- Up-to-date: /home/jh/Dev/barkin_mad_ws/src/axoltl/install/axolotl/share/axolotl/cmake/axolotlConfig-version.cmake
-- Up-to-date: /home/jh/Dev/barkin_mad_ws/src/axoltl/install/axolotl/share/axolotl/package.xml
