-- Found ament_cmake: 0.9.8 (/opt/ros/foxy/share/ament_cmake/cmake)
-- Using PYTHON_EXECUTABLE: /usr/bin/python3
-- Found rmf_fleet_adapter: 1.2.0 (/home/jh/rmf_ws/install/rmf_fleet_adapter/share/rmf_fleet_adapter/cmake)
-- Using all available rosidl_typesupport_c: rosidl_typesupport_fastrtps_c;rosidl_typesupport_introspection_c
-- Found rosidl_adapter: 1.2.0 (/opt/ros/foxy/share/rosidl_adapter/cmake)
-- Using all available rosidl_typesupport_cpp: rosidl_typesupport_fastrtps_cpp;rosidl_typesupport_introspection_cpp
-- Found rmw_implementation_cmake: 1.0.2 (/opt/ros/foxy/share/rmw_implementation_cmake/cmake)
-- Using RMW implementation 'rmw_cyclonedds_cpp' as default
-- Configuring done
-- Generating done
-- Build files have been written to: /home/jh/Dev/barkin_mad_ws/src/axoltl/build/axolotl
[35m[1mScanning dependencies of target barkin[0m
[ 50%] [32mBuilding CXX object CMakeFiles/barkin.dir/src/main.cpp.o[0m
[100%] [32m[1mLinking CXX executable barkin[0m
[100%] Built target barkin
-- Install configuration: ""
-- Installing: /home/jh/Dev/barkin_mad_ws/src/axoltl/install/axolotl/lib/axolotl/barkin
-- Set runtime path of "/home/jh/Dev/barkin_mad_ws/src/axoltl/install/axolotl/lib/axolotl/barkin" to ""
-- Up-to-date: /home/jh/Dev/barkin_mad_ws/src/axoltl/install/axolotl/share/ament_index/resource_index/package_run_dependencies/axolotl
-- Up-to-date: /home/jh/Dev/barkin_mad_ws/src/axoltl/install/axolotl/share/ament_index/resource_index/parent_prefix_path/axolotl
-- Up-to-date: /home/jh/Dev/barkin_mad_ws/src/axoltl/install/axolotl/share/axolotl/environment/ament_prefix_path.sh
-- Installing: /home/jh/Dev/barkin_mad_ws/src/axoltl/install/axolotl/share/axolotl/environment/ament_prefix_path.dsv
-- Up-to-date: /home/jh/Dev/barkin_mad_ws/src/axoltl/install/axolotl/share/axolotl/environment/path.sh
-- Installing: /home/jh/Dev/barkin_mad_ws/src/axoltl/install/axolotl/share/axolotl/environment/path.dsv
-- Up-to-date: /home/jh/Dev/barkin_mad_ws/src/axoltl/install/axolotl/share/axolotl/local_setup.bash
-- Up-to-date: /home/jh/Dev/barkin_mad_ws/src/axoltl/install/axolotl/share/axolotl/local_setup.sh
-- Up-to-date: /home/jh/Dev/barkin_mad_ws/src/axoltl/install/axolotl/share/axolotl/local_setup.zsh
-- Installing: /home/jh/Dev/barkin_mad_ws/src/axoltl/install/axolotl/share/axolotl/local_setup.dsv
-- Installing: /home/jh/Dev/barkin_mad_ws/src/axoltl/install/axolotl/share/axolotl/package.dsv
-- Up-to-date: /home/jh/Dev/barkin_mad_ws/src/axoltl/install/axolotl/share/ament_index/resource_index/packages/axolotl
-- Up-to-date: /home/jh/Dev/barkin_mad_ws/src/axoltl/install/axolotl/share/axolotl/cmake/axolotlConfig.cmake
-- Up-to-date: /home/jh/Dev/barkin_mad_ws/src/axoltl/install/axolotl/share/axolotl/cmake/axolotlConfig-version.cmake
-- Up-to-date: /home/jh/Dev/barkin_mad_ws/src/axoltl/install/axolotl/share/axolotl/package.xml
