[0.149s] DEBUG:colcon:Command line arguments: ['/usr/bin/colcon', 'build']
[0.149s] DEBUG:colcon:Parsed command line arguments: Namespace(ament_cmake_args=None, base_paths=['.'], build_base='build', catkin_cmake_args=None, catkin_skip_building_tests=False, cmake_args=None, cmake_clean_cache=False, cmake_clean_first=False, cmake_force_configure=False, cmake_target=None, cmake_target_skip_unavailable=False, continue_on_error=False, event_handlers=None, executor='parallel', ignore_user_meta=False, install_base='install', log_base=None, log_level=None, main=<bound method BuildVerb.main of <colcon_core.verb.build.BuildVerb object at 0x7f47def029a0>>, merge_install=False, metas=['./colcon.meta'], packages_above=None, packages_above_and_dependencies=None, packages_above_depth=None, packages_end=None, packages_ignore=None, packages_ignore_regex=None, packages_select=None, packages_select_build_failed=False, packages_select_by_dep=None, packages_select_regex=None, packages_select_test_failures=False, packages_skip=None, packages_skip_build_finished=False, packages_skip_by_dep=None, packages_skip_regex=None, packages_skip_test_passed=False, packages_skip_up_to=None, packages_start=None, packages_up_to=None, packages_up_to_regex=None, parallel_workers=12, paths=None, symlink_install=False, test_result_base=None, verb_extension=<colcon_core.verb.build.BuildVerb object at 0x7f47def029a0>, verb_name='build', verb_parser=<colcon_defaults.argument_parser.defaults.DefaultArgumentsDecorator object at 0x7f47def02f10>)
[0.154s] Level 1:colcon.colcon_core.package_discovery:discover_packages(colcon_meta) check parameters
[0.154s] Level 1:colcon.colcon_core.package_discovery:discover_packages(recursive) check parameters
[0.154s] Level 1:colcon.colcon_core.package_discovery:discover_packages(ignore) check parameters
[0.154s] Level 1:colcon.colcon_core.package_discovery:discover_packages(path) check parameters
[0.154s] Level 1:colcon.colcon_core.package_discovery:discover_packages(colcon_meta) discover
[0.154s] Level 1:colcon.colcon_core.package_discovery:discover_packages(recursive) discover
[0.154s] INFO:colcon.colcon_core.package_discovery:Crawling recursively for packages in '/home/jh/Dev/barkin_mad_ws/src/axoltl'
[0.154s] Level 1:colcon.colcon_core.package_identification:_identify(.) by extensions ['ignore', 'ignore_ament_install']
[0.154s] Level 1:colcon.colcon_core.package_identification:_identify(.) by extension 'ignore'
[0.154s] Level 1:colcon.colcon_core.package_identification:_identify(.) by extension 'ignore_ament_install'
[0.154s] Level 1:colcon.colcon_core.package_identification:_identify(.) by extensions ['colcon_pkg']
[0.154s] Level 1:colcon.colcon_core.package_identification:_identify(.) by extension 'colcon_pkg'
[0.154s] Level 1:colcon.colcon_core.package_identification:_identify(.) by extensions ['colcon_meta']
[0.154s] Level 1:colcon.colcon_core.package_identification:_identify(.) by extension 'colcon_meta'
[0.154s] Level 1:colcon.colcon_core.package_identification:_identify(.) by extensions ['ros']
[0.154s] Level 1:colcon.colcon_core.package_identification:_identify(.) by extension 'ros'
[0.165s] DEBUG:colcon.colcon_core.package_identification:Package '.' with type 'ros.ament_cmake' and name 'axolotl'
[0.165s] Level 1:colcon.colcon_core.package_discovery:discover_packages(recursive) using defaults
[0.165s] Level 1:colcon.colcon_core.package_discovery:discover_packages(ignore) discover
[0.165s] Level 1:colcon.colcon_core.package_discovery:discover_packages(ignore) using defaults
[0.165s] Level 1:colcon.colcon_core.package_discovery:discover_packages(path) discover
[0.165s] Level 1:colcon.colcon_core.package_discovery:discover_packages(path) using defaults
[0.186s] Level 5:colcon.colcon_core.verb:set package 'axolotl' build argument 'cmake_args' from command line to 'None'
[0.186s] Level 5:colcon.colcon_core.verb:set package 'axolotl' build argument 'cmake_target' from command line to 'None'
[0.186s] Level 5:colcon.colcon_core.verb:set package 'axolotl' build argument 'cmake_target_skip_unavailable' from command line to 'False'
[0.186s] Level 5:colcon.colcon_core.verb:set package 'axolotl' build argument 'cmake_clean_cache' from command line to 'False'
[0.186s] Level 5:colcon.colcon_core.verb:set package 'axolotl' build argument 'cmake_clean_first' from command line to 'False'
[0.186s] Level 5:colcon.colcon_core.verb:set package 'axolotl' build argument 'cmake_force_configure' from command line to 'False'
[0.186s] Level 5:colcon.colcon_core.verb:set package 'axolotl' build argument 'ament_cmake_args' from command line to 'None'
[0.186s] Level 5:colcon.colcon_core.verb:set package 'axolotl' build argument 'catkin_cmake_args' from command line to 'None'
[0.186s] Level 5:colcon.colcon_core.verb:set package 'axolotl' build argument 'catkin_skip_building_tests' from command line to 'False'
[0.186s] DEBUG:colcon.colcon_core.verb:Building package 'axolotl' with the following arguments: {'ament_cmake_args': None, 'build_base': '/home/jh/Dev/barkin_mad_ws/src/axoltl/build/axolotl', 'catkin_cmake_args': None, 'catkin_skip_building_tests': False, 'cmake_args': None, 'cmake_clean_cache': False, 'cmake_clean_first': False, 'cmake_force_configure': False, 'cmake_target': None, 'cmake_target_skip_unavailable': False, 'install_base': '/home/jh/Dev/barkin_mad_ws/src/axoltl/install/axolotl', 'merge_install': False, 'path': '/home/jh/Dev/barkin_mad_ws/src/axoltl', 'symlink_install': False, 'test_result_base': None}
[0.187s] INFO:colcon.colcon_core.executor:Executing jobs using 'parallel' executor
[0.189s] DEBUG:colcon.colcon_parallel_executor.executor.parallel:run_until_complete
[0.189s] INFO:colcon.colcon_ros.task.ament_cmake.build:Building ROS package in '/home/jh/Dev/barkin_mad_ws/src/axoltl' with build type 'ament_cmake'
[0.189s] INFO:colcon.colcon_cmake.task.cmake.build:Building CMake package in '/home/jh/Dev/barkin_mad_ws/src/axoltl'
[0.192s] INFO:colcon.colcon_core.plugin_system:Skipping extension 'colcon_core.shell.bat': Not used on non-Windows systems
[0.193s] INFO:colcon.colcon_core.shell:Skip shell extension 'powershell' for command environment: Not usable outside of PowerShell
[0.193s] DEBUG:colcon.colcon_core.shell:Skip shell extension 'dsv' for command environment
[0.197s] DEBUG:colcon.colcon_core.shell:Ignoring prefix path '/opt/ros/foxy'
[0.205s] DEBUG:colcon.colcon_core.event_handler.log_command:Invoking command in '/home/jh/Dev/barkin_mad_ws/src/axoltl/build/axolotl': CMAKE_PREFIX_PATH=/home/jh/rmf_ws/install/test_maps:/home/jh/rmf_ws/install/ros_ign:/home/jh/rmf_ws/install/ros_ign_gazebo_demos:/home/jh/rmf_ws/install/ros_ign_image:/home/jh/rmf_ws/install/ros_ign_gazebo:/home/jh/rmf_ws/install/ros_ign_bridge:/home/jh/rmf_ws/install/rmf_workcell_msgs:/home/jh/rmf_ws/install/rmf_visualization:/home/jh/rmf_ws/install/rmf_visualization_schedule:/home/jh/rmf_ws/install/rmf_visualization_rviz2_plugins:/home/jh/rmf_ws/install/rmf_visualization_msgs:/home/jh/rmf_ws/install/rmf_demos:/home/jh/rmf_ws/install/rmf_task_ros2:/home/jh/rmf_ws/install/rmf_fleet_adapter:/home/jh/rmf_ws/install/rmf_traffic_ros2:/home/jh/rmf_ws/install/rmf_task:/home/jh/rmf_ws/install/rmf_battery:/home/jh/rmf_ws/install/rmf_traffic:/home/jh/rmf_ws/install/rmf_utils:/home/jh/rmf_ws/install/rmf_traffic_msgs:/home/jh/rmf_ws/install/rmf_traffic_editor:/home/jh/rmf_ws/install/rmf_task_msgs:/home/jh/rmf_ws/install/rmf_robot_sim_ignition_plugins:/home/jh/rmf_ws/install/rmf_demos_assets:/home/jh/rmf_ws/install/rmf_robot_sim_gazebo_plugins:/home/jh/rmf_ws/install/rmf_robot_sim_common:/home/jh/rmf_ws/install/rmf_building_sim_ignition_plugins:/home/jh/rmf_ws/install/rmf_building_sim_gazebo_plugins:/home/jh/rmf_ws/install/rmf_building_sim_common:/home/jh/rmf_ws/install/rmf_lift_msgs:/home/jh/rmf_ws/install/rmf_ingestor_msgs:/home/jh/rmf_ws/install/rmf_fleet_msgs:/home/jh/rmf_ws/install/rmf_door_msgs:/home/jh/rmf_ws/install/rmf_dispenser_msgs:/home/jh/rmf_ws/install/rmf_demos_maps:/home/jh/rmf_ws/install/rmf_demos_dashboard_resources:/home/jh/rmf_ws/install/rmf_cmake_uncrustify:/home/jh/rmf_ws/install/rmf_charger_msgs:/home/jh/rmf_ws/install/rmf_building_map_msgs:/home/jh/rmf_ws/install/pybind_ament:/home/jh/rmf_ws/install/rmf_visualization_fleet_states:/home/jh/rmf_ws/install/rmf_fleet_adapter_python:/home/jh/rmf_ws/install/rmf_traffic_editor_assets:/home/jh/rmf_ws/install/rmf_demos_tasks:/home/jh/rmf_ws/install/rmf_demos_panel:/home/jh/rmf_ws/install/building_systems_visualizer:/home/jh/rmf_ws/install/rmf_building_map_tools:/opt/ros/foxy:/home/jh/rmf_ws/install/menge:/home/jh/rmf_ws/install/ament_cmake_catch2 /usr/bin/cmake --build /home/jh/Dev/barkin_mad_ws/src/axoltl/build/axolotl -- -j12 -l12
[9.420s] DEBUG:colcon.colcon_core.event_handler.log_command:Invoked command in '/home/jh/Dev/barkin_mad_ws/src/axoltl/build/axolotl' returned '0': CMAKE_PREFIX_PATH=/home/jh/rmf_ws/install/test_maps:/home/jh/rmf_ws/install/ros_ign:/home/jh/rmf_ws/install/ros_ign_gazebo_demos:/home/jh/rmf_ws/install/ros_ign_image:/home/jh/rmf_ws/install/ros_ign_gazebo:/home/jh/rmf_ws/install/ros_ign_bridge:/home/jh/rmf_ws/install/rmf_workcell_msgs:/home/jh/rmf_ws/install/rmf_visualization:/home/jh/rmf_ws/install/rmf_visualization_schedule:/home/jh/rmf_ws/install/rmf_visualization_rviz2_plugins:/home/jh/rmf_ws/install/rmf_visualization_msgs:/home/jh/rmf_ws/install/rmf_demos:/home/jh/rmf_ws/install/rmf_task_ros2:/home/jh/rmf_ws/install/rmf_fleet_adapter:/home/jh/rmf_ws/install/rmf_traffic_ros2:/home/jh/rmf_ws/install/rmf_task:/home/jh/rmf_ws/install/rmf_battery:/home/jh/rmf_ws/install/rmf_traffic:/home/jh/rmf_ws/install/rmf_utils:/home/jh/rmf_ws/install/rmf_traffic_msgs:/home/jh/rmf_ws/install/rmf_traffic_editor:/home/jh/rmf_ws/install/rmf_task_msgs:/home/jh/rmf_ws/install/rmf_robot_sim_ignition_plugins:/home/jh/rmf_ws/install/rmf_demos_assets:/home/jh/rmf_ws/install/rmf_robot_sim_gazebo_plugins:/home/jh/rmf_ws/install/rmf_robot_sim_common:/home/jh/rmf_ws/install/rmf_building_sim_ignition_plugins:/home/jh/rmf_ws/install/rmf_building_sim_gazebo_plugins:/home/jh/rmf_ws/install/rmf_building_sim_common:/home/jh/rmf_ws/install/rmf_lift_msgs:/home/jh/rmf_ws/install/rmf_ingestor_msgs:/home/jh/rmf_ws/install/rmf_fleet_msgs:/home/jh/rmf_ws/install/rmf_door_msgs:/home/jh/rmf_ws/install/rmf_dispenser_msgs:/home/jh/rmf_ws/install/rmf_demos_maps:/home/jh/rmf_ws/install/rmf_demos_dashboard_resources:/home/jh/rmf_ws/install/rmf_cmake_uncrustify:/home/jh/rmf_ws/install/rmf_charger_msgs:/home/jh/rmf_ws/install/rmf_building_map_msgs:/home/jh/rmf_ws/install/pybind_ament:/home/jh/rmf_ws/install/rmf_visualization_fleet_states:/home/jh/rmf_ws/install/rmf_fleet_adapter_python:/home/jh/rmf_ws/install/rmf_traffic_editor_assets:/home/jh/rmf_ws/install/rmf_demos_tasks:/home/jh/rmf_ws/install/rmf_demos_panel:/home/jh/rmf_ws/install/building_systems_visualizer:/home/jh/rmf_ws/install/rmf_building_map_tools:/opt/ros/foxy:/home/jh/rmf_ws/install/menge:/home/jh/rmf_ws/install/ament_cmake_catch2 /usr/bin/cmake --build /home/jh/Dev/barkin_mad_ws/src/axoltl/build/axolotl -- -j12 -l12
[9.458s] DEBUG:colcon.colcon_core.event_handler.log_command:Invoking command in '/home/jh/Dev/barkin_mad_ws/src/axoltl/build/axolotl': CMAKE_PREFIX_PATH=/home/jh/rmf_ws/install/test_maps:/home/jh/rmf_ws/install/ros_ign:/home/jh/rmf_ws/install/ros_ign_gazebo_demos:/home/jh/rmf_ws/install/ros_ign_image:/home/jh/rmf_ws/install/ros_ign_gazebo:/home/jh/rmf_ws/install/ros_ign_bridge:/home/jh/rmf_ws/install/rmf_workcell_msgs:/home/jh/rmf_ws/install/rmf_visualization:/home/jh/rmf_ws/install/rmf_visualization_schedule:/home/jh/rmf_ws/install/rmf_visualization_rviz2_plugins:/home/jh/rmf_ws/install/rmf_visualization_msgs:/home/jh/rmf_ws/install/rmf_demos:/home/jh/rmf_ws/install/rmf_task_ros2:/home/jh/rmf_ws/install/rmf_fleet_adapter:/home/jh/rmf_ws/install/rmf_traffic_ros2:/home/jh/rmf_ws/install/rmf_task:/home/jh/rmf_ws/install/rmf_battery:/home/jh/rmf_ws/install/rmf_traffic:/home/jh/rmf_ws/install/rmf_utils:/home/jh/rmf_ws/install/rmf_traffic_msgs:/home/jh/rmf_ws/install/rmf_traffic_editor:/home/jh/rmf_ws/install/rmf_task_msgs:/home/jh/rmf_ws/install/rmf_robot_sim_ignition_plugins:/home/jh/rmf_ws/install/rmf_demos_assets:/home/jh/rmf_ws/install/rmf_robot_sim_gazebo_plugins:/home/jh/rmf_ws/install/rmf_robot_sim_common:/home/jh/rmf_ws/install/rmf_building_sim_ignition_plugins:/home/jh/rmf_ws/install/rmf_building_sim_gazebo_plugins:/home/jh/rmf_ws/install/rmf_building_sim_common:/home/jh/rmf_ws/install/rmf_lift_msgs:/home/jh/rmf_ws/install/rmf_ingestor_msgs:/home/jh/rmf_ws/install/rmf_fleet_msgs:/home/jh/rmf_ws/install/rmf_door_msgs:/home/jh/rmf_ws/install/rmf_dispenser_msgs:/home/jh/rmf_ws/install/rmf_demos_maps:/home/jh/rmf_ws/install/rmf_demos_dashboard_resources:/home/jh/rmf_ws/install/rmf_cmake_uncrustify:/home/jh/rmf_ws/install/rmf_charger_msgs:/home/jh/rmf_ws/install/rmf_building_map_msgs:/home/jh/rmf_ws/install/pybind_ament:/home/jh/rmf_ws/install/rmf_visualization_fleet_states:/home/jh/rmf_ws/install/rmf_fleet_adapter_python:/home/jh/rmf_ws/install/rmf_traffic_editor_assets:/home/jh/rmf_ws/install/rmf_demos_tasks:/home/jh/rmf_ws/install/rmf_demos_panel:/home/jh/rmf_ws/install/building_systems_visualizer:/home/jh/rmf_ws/install/rmf_building_map_tools:/opt/ros/foxy:/home/jh/rmf_ws/install/menge:/home/jh/rmf_ws/install/ament_cmake_catch2 /usr/bin/cmake --install /home/jh/Dev/barkin_mad_ws/src/axoltl/build/axolotl
[9.472s] Level 1:colcon.colcon_core.environment:create_environment_scripts_only(axolotl)
[9.473s] DEBUG:colcon.colcon_core.event_handler.log_command:Invoked command in '/home/jh/Dev/barkin_mad_ws/src/axoltl/build/axolotl' returned '0': CMAKE_PREFIX_PATH=/home/jh/rmf_ws/install/test_maps:/home/jh/rmf_ws/install/ros_ign:/home/jh/rmf_ws/install/ros_ign_gazebo_demos:/home/jh/rmf_ws/install/ros_ign_image:/home/jh/rmf_ws/install/ros_ign_gazebo:/home/jh/rmf_ws/install/ros_ign_bridge:/home/jh/rmf_ws/install/rmf_workcell_msgs:/home/jh/rmf_ws/install/rmf_visualization:/home/jh/rmf_ws/install/rmf_visualization_schedule:/home/jh/rmf_ws/install/rmf_visualization_rviz2_plugins:/home/jh/rmf_ws/install/rmf_visualization_msgs:/home/jh/rmf_ws/install/rmf_demos:/home/jh/rmf_ws/install/rmf_task_ros2:/home/jh/rmf_ws/install/rmf_fleet_adapter:/home/jh/rmf_ws/install/rmf_traffic_ros2:/home/jh/rmf_ws/install/rmf_task:/home/jh/rmf_ws/install/rmf_battery:/home/jh/rmf_ws/install/rmf_traffic:/home/jh/rmf_ws/install/rmf_utils:/home/jh/rmf_ws/install/rmf_traffic_msgs:/home/jh/rmf_ws/install/rmf_traffic_editor:/home/jh/rmf_ws/install/rmf_task_msgs:/home/jh/rmf_ws/install/rmf_robot_sim_ignition_plugins:/home/jh/rmf_ws/install/rmf_demos_assets:/home/jh/rmf_ws/install/rmf_robot_sim_gazebo_plugins:/home/jh/rmf_ws/install/rmf_robot_sim_common:/home/jh/rmf_ws/install/rmf_building_sim_ignition_plugins:/home/jh/rmf_ws/install/rmf_building_sim_gazebo_plugins:/home/jh/rmf_ws/install/rmf_building_sim_common:/home/jh/rmf_ws/install/rmf_lift_msgs:/home/jh/rmf_ws/install/rmf_ingestor_msgs:/home/jh/rmf_ws/install/rmf_fleet_msgs:/home/jh/rmf_ws/install/rmf_door_msgs:/home/jh/rmf_ws/install/rmf_dispenser_msgs:/home/jh/rmf_ws/install/rmf_demos_maps:/home/jh/rmf_ws/install/rmf_demos_dashboard_resources:/home/jh/rmf_ws/install/rmf_cmake_uncrustify:/home/jh/rmf_ws/install/rmf_charger_msgs:/home/jh/rmf_ws/install/rmf_building_map_msgs:/home/jh/rmf_ws/install/pybind_ament:/home/jh/rmf_ws/install/rmf_visualization_fleet_states:/home/jh/rmf_ws/install/rmf_fleet_adapter_python:/home/jh/rmf_ws/install/rmf_traffic_editor_assets:/home/jh/rmf_ws/install/rmf_demos_tasks:/home/jh/rmf_ws/install/rmf_demos_panel:/home/jh/rmf_ws/install/building_systems_visualizer:/home/jh/rmf_ws/install/rmf_building_map_tools:/opt/ros/foxy:/home/jh/rmf_ws/install/menge:/home/jh/rmf_ws/install/ament_cmake_catch2 /usr/bin/cmake --install /home/jh/Dev/barkin_mad_ws/src/axoltl/build/axolotl
[9.475s] Level 1:colcon.colcon_core.environment:checking '/home/jh/Dev/barkin_mad_ws/src/axoltl/install/axolotl' for CMake module files
[9.476s] Level 1:colcon.colcon_core.environment:checking '/home/jh/Dev/barkin_mad_ws/src/axoltl/install/axolotl' for CMake config files
[9.476s] Level 1:colcon.colcon_core.shell:create_environment_hook('axolotl', 'cmake_prefix_path')
[9.477s] INFO:colcon.colcon_core.shell:Creating environment hook '/home/jh/Dev/barkin_mad_ws/src/axoltl/install/axolotl/share/axolotl/hook/cmake_prefix_path.ps1'
[9.477s] INFO:colcon.colcon_core.shell:Creating environment descriptor '/home/jh/Dev/barkin_mad_ws/src/axoltl/install/axolotl/share/axolotl/hook/cmake_prefix_path.dsv'
[9.478s] INFO:colcon.colcon_core.shell:Creating environment hook '/home/jh/Dev/barkin_mad_ws/src/axoltl/install/axolotl/share/axolotl/hook/cmake_prefix_path.sh'
[9.478s] Level 1:colcon.colcon_core.environment:checking '/home/jh/Dev/barkin_mad_ws/src/axoltl/install/axolotl/lib'
[9.478s] Level 1:colcon.colcon_core.environment:checking '/home/jh/Dev/barkin_mad_ws/src/axoltl/install/axolotl/bin'
[9.479s] Level 1:colcon.colcon_core.environment:checking '/home/jh/Dev/barkin_mad_ws/src/axoltl/install/axolotl/lib/pkgconfig/axolotl.pc'
[9.479s] Level 1:colcon.colcon_core.environment:checking '/home/jh/Dev/barkin_mad_ws/src/axoltl/install/axolotl/lib/python3.8/site-packages'
[9.479s] INFO:colcon.colcon_core.shell:Creating package script '/home/jh/Dev/barkin_mad_ws/src/axoltl/install/axolotl/share/axolotl/package.ps1'
[9.480s] INFO:colcon.colcon_core.shell:Creating package descriptor '/home/jh/Dev/barkin_mad_ws/src/axoltl/install/axolotl/share/axolotl/package.dsv'
[9.480s] INFO:colcon.colcon_core.shell:Creating package script '/home/jh/Dev/barkin_mad_ws/src/axoltl/install/axolotl/share/axolotl/package.sh'
[9.481s] INFO:colcon.colcon_core.shell:Creating package script '/home/jh/Dev/barkin_mad_ws/src/axoltl/install/axolotl/share/axolotl/package.bash'
[9.481s] INFO:colcon.colcon_core.shell:Creating package script '/home/jh/Dev/barkin_mad_ws/src/axoltl/install/axolotl/share/axolotl/package.zsh'
[9.482s] Level 1:colcon.colcon_core.environment:create_file_with_runtime_dependencies(/home/jh/Dev/barkin_mad_ws/src/axoltl/install/axolotl/share/colcon-core/packages/axolotl)
[9.509s] Level 1:colcon.colcon_core.environment:create_environment_scripts_only(axolotl)
[9.510s] Level 1:colcon.colcon_core.environment:checking '/home/jh/Dev/barkin_mad_ws/src/axoltl/install/axolotl' for CMake module files
[9.510s] Level 1:colcon.colcon_core.environment:checking '/home/jh/Dev/barkin_mad_ws/src/axoltl/install/axolotl' for CMake config files
[9.511s] Level 1:colcon.colcon_core.shell:create_environment_hook('axolotl', 'cmake_prefix_path')
[9.511s] INFO:colcon.colcon_core.shell:Creating environment hook '/home/jh/Dev/barkin_mad_ws/src/axoltl/install/axolotl/share/axolotl/hook/cmake_prefix_path.ps1'
[9.512s] INFO:colcon.colcon_core.shell:Creating environment descriptor '/home/jh/Dev/barkin_mad_ws/src/axoltl/install/axolotl/share/axolotl/hook/cmake_prefix_path.dsv'
[9.512s] INFO:colcon.colcon_core.shell:Creating environment hook '/home/jh/Dev/barkin_mad_ws/src/axoltl/install/axolotl/share/axolotl/hook/cmake_prefix_path.sh'
[9.512s] Level 1:colcon.colcon_core.environment:checking '/home/jh/Dev/barkin_mad_ws/src/axoltl/install/axolotl/lib'
[9.512s] Level 1:colcon.colcon_core.environment:checking '/home/jh/Dev/barkin_mad_ws/src/axoltl/install/axolotl/bin'
[9.512s] Level 1:colcon.colcon_core.environment:checking '/home/jh/Dev/barkin_mad_ws/src/axoltl/install/axolotl/lib/pkgconfig/axolotl.pc'
[9.512s] Level 1:colcon.colcon_core.environment:checking '/home/jh/Dev/barkin_mad_ws/src/axoltl/install/axolotl/lib/python3.8/site-packages'
[9.513s] INFO:colcon.colcon_core.shell:Creating package script '/home/jh/Dev/barkin_mad_ws/src/axoltl/install/axolotl/share/axolotl/package.ps1'
[9.514s] INFO:colcon.colcon_core.shell:Creating package descriptor '/home/jh/Dev/barkin_mad_ws/src/axoltl/install/axolotl/share/axolotl/package.dsv'
[9.514s] INFO:colcon.colcon_core.shell:Creating package script '/home/jh/Dev/barkin_mad_ws/src/axoltl/install/axolotl/share/axolotl/package.sh'
[9.514s] INFO:colcon.colcon_core.shell:Creating package script '/home/jh/Dev/barkin_mad_ws/src/axoltl/install/axolotl/share/axolotl/package.bash'
[9.515s] INFO:colcon.colcon_core.shell:Creating package script '/home/jh/Dev/barkin_mad_ws/src/axoltl/install/axolotl/share/axolotl/package.zsh'
[9.515s] Level 1:colcon.colcon_core.environment:create_file_with_runtime_dependencies(/home/jh/Dev/barkin_mad_ws/src/axoltl/install/axolotl/share/colcon-core/packages/axolotl)
[9.515s] DEBUG:colcon.colcon_parallel_executor.executor.parallel:closing loop
[9.515s] DEBUG:colcon.colcon_parallel_executor.executor.parallel:loop closed
[9.516s] DEBUG:colcon.colcon_parallel_executor.executor.parallel:run_until_complete finished with '0'
[9.516s] DEBUG:colcon.colcon_core.event_reactor:joining thread
[9.521s] INFO:colcon.colcon_core.plugin_system:Skipping extension 'colcon_notification.desktop_notification.terminal_notifier': Not used on non-Darwin systems
[9.521s] INFO:colcon.colcon_core.plugin_system:Skipping extension 'colcon_notification.desktop_notification.win32': Not used on non-Windows systems
[9.521s] INFO:colcon.colcon_notification.desktop_notification:Sending desktop notification using 'notify2'
[9.533s] DEBUG:colcon.colcon_core.event_reactor:joined thread
[9.534s] INFO:colcon.colcon_core.shell:Creating prefix script '/home/jh/Dev/barkin_mad_ws/src/axoltl/install/local_setup.ps1'
[9.536s] INFO:colcon.colcon_core.shell:Creating prefix util module '/home/jh/Dev/barkin_mad_ws/src/axoltl/install/_local_setup_util_ps1.py'
[9.537s] INFO:colcon.colcon_core.shell:Creating prefix chain script '/home/jh/Dev/barkin_mad_ws/src/axoltl/install/setup.ps1'
[9.541s] INFO:colcon.colcon_core.shell:Creating prefix script '/home/jh/Dev/barkin_mad_ws/src/axoltl/install/local_setup.sh'
[9.541s] INFO:colcon.colcon_core.shell:Creating prefix util module '/home/jh/Dev/barkin_mad_ws/src/axoltl/install/_local_setup_util_sh.py'
[9.542s] INFO:colcon.colcon_core.shell:Creating prefix chain script '/home/jh/Dev/barkin_mad_ws/src/axoltl/install/setup.sh'
[9.547s] INFO:colcon.colcon_core.shell:Creating prefix script '/home/jh/Dev/barkin_mad_ws/src/axoltl/install/local_setup.bash'
[9.548s] INFO:colcon.colcon_core.shell:Creating prefix chain script '/home/jh/Dev/barkin_mad_ws/src/axoltl/install/setup.bash'
[9.553s] INFO:colcon.colcon_core.shell:Creating prefix script '/home/jh/Dev/barkin_mad_ws/src/axoltl/install/local_setup.zsh'
[9.553s] INFO:colcon.colcon_core.shell:Creating prefix chain script '/home/jh/Dev/barkin_mad_ws/src/axoltl/install/setup.zsh'
