[0.014s] Invoking command in '/home/jh/Dev/barkin_mad_ws/src/axoltl/build/axolotl': CMAKE_PREFIX_PATH=/home/jh/rmf_ws/install/test_maps:/home/jh/rmf_ws/install/ros_ign:/home/jh/rmf_ws/install/ros_ign_gazebo_demos:/home/jh/rmf_ws/install/ros_ign_image:/home/jh/rmf_ws/install/ros_ign_gazebo:/home/jh/rmf_ws/install/ros_ign_bridge:/home/jh/rmf_ws/install/rmf_workcell_msgs:/home/jh/rmf_ws/install/rmf_visualization:/home/jh/rmf_ws/install/rmf_visualization_schedule:/home/jh/rmf_ws/install/rmf_visualization_rviz2_plugins:/home/jh/rmf_ws/install/rmf_visualization_msgs:/home/jh/rmf_ws/install/rmf_demos:/home/jh/rmf_ws/install/rmf_task_ros2:/home/jh/rmf_ws/install/rmf_fleet_adapter:/home/jh/rmf_ws/install/rmf_traffic_ros2:/home/jh/rmf_ws/install/rmf_task:/home/jh/rmf_ws/install/rmf_battery:/home/jh/rmf_ws/install/rmf_traffic:/home/jh/rmf_ws/install/rmf_utils:/home/jh/rmf_ws/install/rmf_traffic_msgs:/home/jh/rmf_ws/install/rmf_traffic_editor:/home/jh/rmf_ws/install/rmf_task_msgs:/home/jh/rmf_ws/install/rmf_robot_sim_ignition_plugins:/home/jh/rmf_ws/install/rmf_demos_assets:/home/jh/rmf_ws/install/rmf_robot_sim_gazebo_plugins:/home/jh/rmf_ws/install/rmf_robot_sim_common:/home/jh/rmf_ws/install/rmf_building_sim_ignition_plugins:/home/jh/rmf_ws/install/rmf_building_sim_gazebo_plugins:/home/jh/rmf_ws/install/rmf_building_sim_common:/home/jh/rmf_ws/install/rmf_lift_msgs:/home/jh/rmf_ws/install/rmf_ingestor_msgs:/home/jh/rmf_ws/install/rmf_fleet_msgs:/home/jh/rmf_ws/install/rmf_door_msgs:/home/jh/rmf_ws/install/rmf_dispenser_msgs:/home/jh/rmf_ws/install/rmf_demos_maps:/home/jh/rmf_ws/install/rmf_demos_dashboard_resources:/home/jh/rmf_ws/install/rmf_cmake_uncrustify:/home/jh/rmf_ws/install/rmf_charger_msgs:/home/jh/rmf_ws/install/rmf_building_map_msgs:/home/jh/rmf_ws/install/pybind_ament:/home/jh/rmf_ws/install/rmf_visualization_fleet_states:/home/jh/rmf_ws/install/rmf_fleet_adapter_python:/home/jh/rmf_ws/install/rmf_traffic_editor_assets:/home/jh/rmf_ws/install/rmf_demos_tasks:/home/jh/rmf_ws/install/rmf_demos_panel:/home/jh/rmf_ws/install/building_systems_visualizer:/home/jh/rmf_ws/install/rmf_building_map_tools:/opt/ros/foxy:/home/jh/rmf_ws/install/menge:/home/jh/rmf_ws/install/ament_cmake_catch2 /usr/bin/cmake /home/jh/Dev/barkin_mad_ws/src/axoltl -DCMAKE_INSTALL_PREFIX=/home/jh/Dev/barkin_mad_ws/src/axoltl/install/axolotl
[0.095s] -- The C compiler identification is GNU 9.3.0
[0.166s] -- The CXX compiler identification is GNU 9.3.0
[0.173s] -- Check for working C compiler: /usr/bin/cc
[0.246s] -- Check for working C compiler: /usr/bin/cc -- works
[0.247s] -- Detecting C compiler ABI info
[0.316s] -- Detecting C compiler ABI info - done
[0.325s] -- Detecting C compile features
[0.326s] -- Detecting C compile features - done
[0.328s] -- Check for working CXX compiler: /usr/bin/c++
[0.398s] -- Check for working CXX compiler: /usr/bin/c++ -- works
[0.399s] -- Detecting CXX compiler ABI info
[0.469s] -- Detecting CXX compiler ABI info - done
[0.478s] -- Detecting CXX compile features
[0.479s] -- Detecting CXX compile features - done
[0.484s] -- Found ament_cmake: 0.9.8 (/opt/ros/foxy/share/ament_cmake/cmake)
[0.513s] -- Found PythonInterp: /usr/bin/python3 (found suitable version "3.8.5", minimum required is "3") 
[0.513s] -- Using PYTHON_EXECUTABLE: /usr/bin/python3
[0.741s] -- Found rclcpp: 2.3.0 (/opt/ros/foxy/share/rclcpp/cmake)
[0.808s] -- Using all available rosidl_typesupport_c: rosidl_typesupport_fastrtps_c;rosidl_typesupport_introspection_c
[0.823s] -- Found rosidl_adapter: 1.2.0 (/opt/ros/foxy/share/rosidl_adapter/cmake)
[0.917s] -- Found OpenSSL: /usr/lib/x86_64-linux-gnu/libcrypto.so (found version "1.1.1f")  
[0.947s] -- Found FastRTPS: /opt/ros/foxy/include  
[1.032s] -- Using all available rosidl_typesupport_cpp: rosidl_typesupport_fastrtps_cpp;rosidl_typesupport_introspection_cpp
[1.099s] -- Found rmw_implementation_cmake: 1.0.2 (/opt/ros/foxy/share/rmw_implementation_cmake/cmake)
[1.103s] -- Using RMW implementation 'rmw_cyclonedds_cpp' as default
[1.104s] -- Looking for pthread.h
[1.174s] -- Looking for pthread.h - found
[1.175s] -- Performing Test CMAKE_HAVE_LIBC_PTHREAD
[1.245s] -- Performing Test CMAKE_HAVE_LIBC_PTHREAD - Failed
[1.245s] -- Looking for pthread_create in pthreads
[1.300s] -- Looking for pthread_create in pthreads - not found
[1.300s] -- Looking for pthread_create in pthread
[1.363s] -- Looking for pthread_create in pthread - found
[1.364s] -- Found Threads: TRUE  
[1.509s] -- Found rmf_fleet_adapter: 1.2.0 (/home/jh/rmf_ws/install/rmf_fleet_adapter/share/rmf_fleet_adapter/cmake)
[2.180s] -- Configuring done
[2.205s] -- Generating done
[2.207s] -- Build files have been written to: /home/jh/Dev/barkin_mad_ws/src/axoltl/build/axolotl
[2.216s] Invoked command in '/home/jh/Dev/barkin_mad_ws/src/axoltl/build/axolotl' returned '0': CMAKE_PREFIX_PATH=/home/jh/rmf_ws/install/test_maps:/home/jh/rmf_ws/install/ros_ign:/home/jh/rmf_ws/install/ros_ign_gazebo_demos:/home/jh/rmf_ws/install/ros_ign_image:/home/jh/rmf_ws/install/ros_ign_gazebo:/home/jh/rmf_ws/install/ros_ign_bridge:/home/jh/rmf_ws/install/rmf_workcell_msgs:/home/jh/rmf_ws/install/rmf_visualization:/home/jh/rmf_ws/install/rmf_visualization_schedule:/home/jh/rmf_ws/install/rmf_visualization_rviz2_plugins:/home/jh/rmf_ws/install/rmf_visualization_msgs:/home/jh/rmf_ws/install/rmf_demos:/home/jh/rmf_ws/install/rmf_task_ros2:/home/jh/rmf_ws/install/rmf_fleet_adapter:/home/jh/rmf_ws/install/rmf_traffic_ros2:/home/jh/rmf_ws/install/rmf_task:/home/jh/rmf_ws/install/rmf_battery:/home/jh/rmf_ws/install/rmf_traffic:/home/jh/rmf_ws/install/rmf_utils:/home/jh/rmf_ws/install/rmf_traffic_msgs:/home/jh/rmf_ws/install/rmf_traffic_editor:/home/jh/rmf_ws/install/rmf_task_msgs:/home/jh/rmf_ws/install/rmf_robot_sim_ignition_plugins:/home/jh/rmf_ws/install/rmf_demos_assets:/home/jh/rmf_ws/install/rmf_robot_sim_gazebo_plugins:/home/jh/rmf_ws/install/rmf_robot_sim_common:/home/jh/rmf_ws/install/rmf_building_sim_ignition_plugins:/home/jh/rmf_ws/install/rmf_building_sim_gazebo_plugins:/home/jh/rmf_ws/install/rmf_building_sim_common:/home/jh/rmf_ws/install/rmf_lift_msgs:/home/jh/rmf_ws/install/rmf_ingestor_msgs:/home/jh/rmf_ws/install/rmf_fleet_msgs:/home/jh/rmf_ws/install/rmf_door_msgs:/home/jh/rmf_ws/install/rmf_dispenser_msgs:/home/jh/rmf_ws/install/rmf_demos_maps:/home/jh/rmf_ws/install/rmf_demos_dashboard_resources:/home/jh/rmf_ws/install/rmf_cmake_uncrustify:/home/jh/rmf_ws/install/rmf_charger_msgs:/home/jh/rmf_ws/install/rmf_building_map_msgs:/home/jh/rmf_ws/install/pybind_ament:/home/jh/rmf_ws/install/rmf_visualization_fleet_states:/home/jh/rmf_ws/install/rmf_fleet_adapter_python:/home/jh/rmf_ws/install/rmf_traffic_editor_assets:/home/jh/rmf_ws/install/rmf_demos_tasks:/home/jh/rmf_ws/install/rmf_demos_panel:/home/jh/rmf_ws/install/building_systems_visualizer:/home/jh/rmf_ws/install/rmf_building_map_tools:/opt/ros/foxy:/home/jh/rmf_ws/install/menge:/home/jh/rmf_ws/install/ament_cmake_catch2 /usr/bin/cmake /home/jh/Dev/barkin_mad_ws/src/axoltl -DCMAKE_INSTALL_PREFIX=/home/jh/Dev/barkin_mad_ws/src/axoltl/install/axolotl
[2.217s] Invoking command in '/home/jh/Dev/barkin_mad_ws/src/axoltl/build/axolotl': CMAKE_PREFIX_PATH=/home/jh/rmf_ws/install/test_maps:/home/jh/rmf_ws/install/ros_ign:/home/jh/rmf_ws/install/ros_ign_gazebo_demos:/home/jh/rmf_ws/install/ros_ign_image:/home/jh/rmf_ws/install/ros_ign_gazebo:/home/jh/rmf_ws/install/ros_ign_bridge:/home/jh/rmf_ws/install/rmf_workcell_msgs:/home/jh/rmf_ws/install/rmf_visualization:/home/jh/rmf_ws/install/rmf_visualization_schedule:/home/jh/rmf_ws/install/rmf_visualization_rviz2_plugins:/home/jh/rmf_ws/install/rmf_visualization_msgs:/home/jh/rmf_ws/install/rmf_demos:/home/jh/rmf_ws/install/rmf_task_ros2:/home/jh/rmf_ws/install/rmf_fleet_adapter:/home/jh/rmf_ws/install/rmf_traffic_ros2:/home/jh/rmf_ws/install/rmf_task:/home/jh/rmf_ws/install/rmf_battery:/home/jh/rmf_ws/install/rmf_traffic:/home/jh/rmf_ws/install/rmf_utils:/home/jh/rmf_ws/install/rmf_traffic_msgs:/home/jh/rmf_ws/install/rmf_traffic_editor:/home/jh/rmf_ws/install/rmf_task_msgs:/home/jh/rmf_ws/install/rmf_robot_sim_ignition_plugins:/home/jh/rmf_ws/install/rmf_demos_assets:/home/jh/rmf_ws/install/rmf_robot_sim_gazebo_plugins:/home/jh/rmf_ws/install/rmf_robot_sim_common:/home/jh/rmf_ws/install/rmf_building_sim_ignition_plugins:/home/jh/rmf_ws/install/rmf_building_sim_gazebo_plugins:/home/jh/rmf_ws/install/rmf_building_sim_common:/home/jh/rmf_ws/install/rmf_lift_msgs:/home/jh/rmf_ws/install/rmf_ingestor_msgs:/home/jh/rmf_ws/install/rmf_fleet_msgs:/home/jh/rmf_ws/install/rmf_door_msgs:/home/jh/rmf_ws/install/rmf_dispenser_msgs:/home/jh/rmf_ws/install/rmf_demos_maps:/home/jh/rmf_ws/install/rmf_demos_dashboard_resources:/home/jh/rmf_ws/install/rmf_cmake_uncrustify:/home/jh/rmf_ws/install/rmf_charger_msgs:/home/jh/rmf_ws/install/rmf_building_map_msgs:/home/jh/rmf_ws/install/pybind_ament:/home/jh/rmf_ws/install/rmf_visualization_fleet_states:/home/jh/rmf_ws/install/rmf_fleet_adapter_python:/home/jh/rmf_ws/install/rmf_traffic_editor_assets:/home/jh/rmf_ws/install/rmf_demos_tasks:/home/jh/rmf_ws/install/rmf_demos_panel:/home/jh/rmf_ws/install/building_systems_visualizer:/home/jh/rmf_ws/install/rmf_building_map_tools:/opt/ros/foxy:/home/jh/rmf_ws/install/menge:/home/jh/rmf_ws/install/ament_cmake_catch2 /usr/bin/cmake --build /home/jh/Dev/barkin_mad_ws/src/axoltl/build/axolotl -- -j12 -l12
[2.259s] [35m[1mScanning dependencies of target barkin[0m
[2.312s] [ 50%] [32mBuilding CXX object CMakeFiles/barkin.dir/src/main.cpp.o[0m
[4.315s] [01m[K/home/jh/Dev/barkin_mad_ws/src/axoltl/src/main.cpp:[m[K In function ‘[01m[Kstd::shared_ptr<Connections> make_fleet(const AdapterPtr&)[m[K’:
[4.315s] [01m[K/home/jh/Dev/barkin_mad_ws/src/axoltl/src/main.cpp:12:47:[m[K [01;35m[Kwarning: [m[Kunused parameter ‘[01m[Kadapter[m[K’ [[01;35m[K-Wunused-parameter[m[K]
[4.316s]    12 |     [01;35m[Kconst rmf_fleet_adapter::agv::AdapterPtr& adapter[m[K)
[4.316s]       |     [01;35m[K~~~~~~~~~~~~~~~~~~~~~~~~~~~~~~~~~~~~~~~~~~^~~~~~~[m[K
[4.709s] [100%] [32m[1mLinking CXX executable barkin[0m
[5.005s] [100%] Built target barkin
[5.017s] Invoked command in '/home/jh/Dev/barkin_mad_ws/src/axoltl/build/axolotl' returned '0': CMAKE_PREFIX_PATH=/home/jh/rmf_ws/install/test_maps:/home/jh/rmf_ws/install/ros_ign:/home/jh/rmf_ws/install/ros_ign_gazebo_demos:/home/jh/rmf_ws/install/ros_ign_image:/home/jh/rmf_ws/install/ros_ign_gazebo:/home/jh/rmf_ws/install/ros_ign_bridge:/home/jh/rmf_ws/install/rmf_workcell_msgs:/home/jh/rmf_ws/install/rmf_visualization:/home/jh/rmf_ws/install/rmf_visualization_schedule:/home/jh/rmf_ws/install/rmf_visualization_rviz2_plugins:/home/jh/rmf_ws/install/rmf_visualization_msgs:/home/jh/rmf_ws/install/rmf_demos:/home/jh/rmf_ws/install/rmf_task_ros2:/home/jh/rmf_ws/install/rmf_fleet_adapter:/home/jh/rmf_ws/install/rmf_traffic_ros2:/home/jh/rmf_ws/install/rmf_task:/home/jh/rmf_ws/install/rmf_battery:/home/jh/rmf_ws/install/rmf_traffic:/home/jh/rmf_ws/install/rmf_utils:/home/jh/rmf_ws/install/rmf_traffic_msgs:/home/jh/rmf_ws/install/rmf_traffic_editor:/home/jh/rmf_ws/install/rmf_task_msgs:/home/jh/rmf_ws/install/rmf_robot_sim_ignition_plugins:/home/jh/rmf_ws/install/rmf_demos_assets:/home/jh/rmf_ws/install/rmf_robot_sim_gazebo_plugins:/home/jh/rmf_ws/install/rmf_robot_sim_common:/home/jh/rmf_ws/install/rmf_building_sim_ignition_plugins:/home/jh/rmf_ws/install/rmf_building_sim_gazebo_plugins:/home/jh/rmf_ws/install/rmf_building_sim_common:/home/jh/rmf_ws/install/rmf_lift_msgs:/home/jh/rmf_ws/install/rmf_ingestor_msgs:/home/jh/rmf_ws/install/rmf_fleet_msgs:/home/jh/rmf_ws/install/rmf_door_msgs:/home/jh/rmf_ws/install/rmf_dispenser_msgs:/home/jh/rmf_ws/install/rmf_demos_maps:/home/jh/rmf_ws/install/rmf_demos_dashboard_resources:/home/jh/rmf_ws/install/rmf_cmake_uncrustify:/home/jh/rmf_ws/install/rmf_charger_msgs:/home/jh/rmf_ws/install/rmf_building_map_msgs:/home/jh/rmf_ws/install/pybind_ament:/home/jh/rmf_ws/install/rmf_visualization_fleet_states:/home/jh/rmf_ws/install/rmf_fleet_adapter_python:/home/jh/rmf_ws/install/rmf_traffic_editor_assets:/home/jh/rmf_ws/install/rmf_demos_tasks:/home/jh/rmf_ws/install/rmf_demos_panel:/home/jh/rmf_ws/install/building_systems_visualizer:/home/jh/rmf_ws/install/rmf_building_map_tools:/opt/ros/foxy:/home/jh/rmf_ws/install/menge:/home/jh/rmf_ws/install/ament_cmake_catch2 /usr/bin/cmake --build /home/jh/Dev/barkin_mad_ws/src/axoltl/build/axolotl -- -j12 -l12
[5.055s] Invoking command in '/home/jh/Dev/barkin_mad_ws/src/axoltl/build/axolotl': CMAKE_PREFIX_PATH=/home/jh/rmf_ws/install/test_maps:/home/jh/rmf_ws/install/ros_ign:/home/jh/rmf_ws/install/ros_ign_gazebo_demos:/home/jh/rmf_ws/install/ros_ign_image:/home/jh/rmf_ws/install/ros_ign_gazebo:/home/jh/rmf_ws/install/ros_ign_bridge:/home/jh/rmf_ws/install/rmf_workcell_msgs:/home/jh/rmf_ws/install/rmf_visualization:/home/jh/rmf_ws/install/rmf_visualization_schedule:/home/jh/rmf_ws/install/rmf_visualization_rviz2_plugins:/home/jh/rmf_ws/install/rmf_visualization_msgs:/home/jh/rmf_ws/install/rmf_demos:/home/jh/rmf_ws/install/rmf_task_ros2:/home/jh/rmf_ws/install/rmf_fleet_adapter:/home/jh/rmf_ws/install/rmf_traffic_ros2:/home/jh/rmf_ws/install/rmf_task:/home/jh/rmf_ws/install/rmf_battery:/home/jh/rmf_ws/install/rmf_traffic:/home/jh/rmf_ws/install/rmf_utils:/home/jh/rmf_ws/install/rmf_traffic_msgs:/home/jh/rmf_ws/install/rmf_traffic_editor:/home/jh/rmf_ws/install/rmf_task_msgs:/home/jh/rmf_ws/install/rmf_robot_sim_ignition_plugins:/home/jh/rmf_ws/install/rmf_demos_assets:/home/jh/rmf_ws/install/rmf_robot_sim_gazebo_plugins:/home/jh/rmf_ws/install/rmf_robot_sim_common:/home/jh/rmf_ws/install/rmf_building_sim_ignition_plugins:/home/jh/rmf_ws/install/rmf_building_sim_gazebo_plugins:/home/jh/rmf_ws/install/rmf_building_sim_common:/home/jh/rmf_ws/install/rmf_lift_msgs:/home/jh/rmf_ws/install/rmf_ingestor_msgs:/home/jh/rmf_ws/install/rmf_fleet_msgs:/home/jh/rmf_ws/install/rmf_door_msgs:/home/jh/rmf_ws/install/rmf_dispenser_msgs:/home/jh/rmf_ws/install/rmf_demos_maps:/home/jh/rmf_ws/install/rmf_demos_dashboard_resources:/home/jh/rmf_ws/install/rmf_cmake_uncrustify:/home/jh/rmf_ws/install/rmf_charger_msgs:/home/jh/rmf_ws/install/rmf_building_map_msgs:/home/jh/rmf_ws/install/pybind_ament:/home/jh/rmf_ws/install/rmf_visualization_fleet_states:/home/jh/rmf_ws/install/rmf_fleet_adapter_python:/home/jh/rmf_ws/install/rmf_traffic_editor_assets:/home/jh/rmf_ws/install/rmf_demos_tasks:/home/jh/rmf_ws/install/rmf_demos_panel:/home/jh/rmf_ws/install/building_systems_visualizer:/home/jh/rmf_ws/install/rmf_building_map_tools:/opt/ros/foxy:/home/jh/rmf_ws/install/menge:/home/jh/rmf_ws/install/ament_cmake_catch2 /usr/bin/cmake --install /home/jh/Dev/barkin_mad_ws/src/axoltl/build/axolotl
[5.064s] -- Install configuration: ""
[5.065s] -- Installing: /home/jh/Dev/barkin_mad_ws/src/axoltl/install/axolotl/lib/axolotl/barkin
[5.065s] -- Set runtime path of "/home/jh/Dev/barkin_mad_ws/src/axoltl/install/axolotl/lib/axolotl/barkin" to ""
[5.065s] -- Installing: /home/jh/Dev/barkin_mad_ws/src/axoltl/install/axolotl/share/ament_index/resource_index/package_run_dependencies/axolotl
[5.065s] -- Installing: /home/jh/Dev/barkin_mad_ws/src/axoltl/install/axolotl/share/ament_index/resource_index/parent_prefix_path/axolotl
[5.065s] -- Installing: /home/jh/Dev/barkin_mad_ws/src/axoltl/install/axolotl/share/axolotl/environment/ament_prefix_path.sh
[5.065s] -- Installing: /home/jh/Dev/barkin_mad_ws/src/axoltl/install/axolotl/share/axolotl/environment/ament_prefix_path.dsv
[5.066s] -- Installing: /home/jh/Dev/barkin_mad_ws/src/axoltl/install/axolotl/share/axolotl/environment/path.sh
[5.066s] -- Installing: /home/jh/Dev/barkin_mad_ws/src/axoltl/install/axolotl/share/axolotl/environment/path.dsv
[5.066s] -- Installing: /home/jh/Dev/barkin_mad_ws/src/axoltl/install/axolotl/share/axolotl/local_setup.bash
[5.066s] -- Installing: /home/jh/Dev/barkin_mad_ws/src/axoltl/install/axolotl/share/axolotl/local_setup.sh
[5.066s] -- Installing: /home/jh/Dev/barkin_mad_ws/src/axoltl/install/axolotl/share/axolotl/local_setup.zsh
[5.066s] -- Installing: /home/jh/Dev/barkin_mad_ws/src/axoltl/install/axolotl/share/axolotl/local_setup.dsv
[5.066s] -- Installing: /home/jh/Dev/barkin_mad_ws/src/axoltl/install/axolotl/share/axolotl/package.dsv
[5.066s] -- Installing: /home/jh/Dev/barkin_mad_ws/src/axoltl/install/axolotl/share/ament_index/resource_index/packages/axolotl
[5.066s] -- Installing: /home/jh/Dev/barkin_mad_ws/src/axoltl/install/axolotl/share/axolotl/cmake/axolotlConfig.cmake
[5.066s] -- Installing: /home/jh/Dev/barkin_mad_ws/src/axoltl/install/axolotl/share/axolotl/cmake/axolotlConfig-version.cmake
[5.067s] -- Installing: /home/jh/Dev/barkin_mad_ws/src/axoltl/install/axolotl/share/axolotl/package.xml
[5.069s] Invoked command in '/home/jh/Dev/barkin_mad_ws/src/axoltl/build/axolotl' returned '0': CMAKE_PREFIX_PATH=/home/jh/rmf_ws/install/test_maps:/home/jh/rmf_ws/install/ros_ign:/home/jh/rmf_ws/install/ros_ign_gazebo_demos:/home/jh/rmf_ws/install/ros_ign_image:/home/jh/rmf_ws/install/ros_ign_gazebo:/home/jh/rmf_ws/install/ros_ign_bridge:/home/jh/rmf_ws/install/rmf_workcell_msgs:/home/jh/rmf_ws/install/rmf_visualization:/home/jh/rmf_ws/install/rmf_visualization_schedule:/home/jh/rmf_ws/install/rmf_visualization_rviz2_plugins:/home/jh/rmf_ws/install/rmf_visualization_msgs:/home/jh/rmf_ws/install/rmf_demos:/home/jh/rmf_ws/install/rmf_task_ros2:/home/jh/rmf_ws/install/rmf_fleet_adapter:/home/jh/rmf_ws/install/rmf_traffic_ros2:/home/jh/rmf_ws/install/rmf_task:/home/jh/rmf_ws/install/rmf_battery:/home/jh/rmf_ws/install/rmf_traffic:/home/jh/rmf_ws/install/rmf_utils:/home/jh/rmf_ws/install/rmf_traffic_msgs:/home/jh/rmf_ws/install/rmf_traffic_editor:/home/jh/rmf_ws/install/rmf_task_msgs:/home/jh/rmf_ws/install/rmf_robot_sim_ignition_plugins:/home/jh/rmf_ws/install/rmf_demos_assets:/home/jh/rmf_ws/install/rmf_robot_sim_gazebo_plugins:/home/jh/rmf_ws/install/rmf_robot_sim_common:/home/jh/rmf_ws/install/rmf_building_sim_ignition_plugins:/home/jh/rmf_ws/install/rmf_building_sim_gazebo_plugins:/home/jh/rmf_ws/install/rmf_building_sim_common:/home/jh/rmf_ws/install/rmf_lift_msgs:/home/jh/rmf_ws/install/rmf_ingestor_msgs:/home/jh/rmf_ws/install/rmf_fleet_msgs:/home/jh/rmf_ws/install/rmf_door_msgs:/home/jh/rmf_ws/install/rmf_dispenser_msgs:/home/jh/rmf_ws/install/rmf_demos_maps:/home/jh/rmf_ws/install/rmf_demos_dashboard_resources:/home/jh/rmf_ws/install/rmf_cmake_uncrustify:/home/jh/rmf_ws/install/rmf_charger_msgs:/home/jh/rmf_ws/install/rmf_building_map_msgs:/home/jh/rmf_ws/install/pybind_ament:/home/jh/rmf_ws/install/rmf_visualization_fleet_states:/home/jh/rmf_ws/install/rmf_fleet_adapter_python:/home/jh/rmf_ws/install/rmf_traffic_editor_assets:/home/jh/rmf_ws/install/rmf_demos_tasks:/home/jh/rmf_ws/install/rmf_demos_panel:/home/jh/rmf_ws/install/building_systems_visualizer:/home/jh/rmf_ws/install/rmf_building_map_tools:/opt/ros/foxy:/home/jh/rmf_ws/install/menge:/home/jh/rmf_ws/install/ament_cmake_catch2 /usr/bin/cmake --install /home/jh/Dev/barkin_mad_ws/src/axoltl/build/axolotl
