[0.017s] Invoking command in '/home/jh/Dev/barkin_mad_ws/src/axoltl/build/axolotl': CMAKE_PREFIX_PATH=/home/jh/rmf_ws/install/test_maps:/home/jh/rmf_ws/install/ros_ign:/home/jh/rmf_ws/install/ros_ign_gazebo_demos:/home/jh/rmf_ws/install/ros_ign_image:/home/jh/rmf_ws/install/ros_ign_gazebo:/home/jh/rmf_ws/install/ros_ign_bridge:/home/jh/rmf_ws/install/rmf_workcell_msgs:/home/jh/rmf_ws/install/rmf_visualization:/home/jh/rmf_ws/install/rmf_visualization_schedule:/home/jh/rmf_ws/install/rmf_visualization_rviz2_plugins:/home/jh/rmf_ws/install/rmf_visualization_msgs:/home/jh/rmf_ws/install/rmf_demos:/home/jh/rmf_ws/install/rmf_task_ros2:/home/jh/rmf_ws/install/rmf_fleet_adapter:/home/jh/rmf_ws/install/rmf_traffic_ros2:/home/jh/rmf_ws/install/rmf_task:/home/jh/rmf_ws/install/rmf_battery:/home/jh/rmf_ws/install/rmf_traffic:/home/jh/rmf_ws/install/rmf_utils:/home/jh/rmf_ws/install/rmf_traffic_msgs:/home/jh/rmf_ws/install/rmf_traffic_editor:/home/jh/rmf_ws/install/rmf_task_msgs:/home/jh/rmf_ws/install/rmf_robot_sim_ignition_plugins:/home/jh/rmf_ws/install/rmf_demos_assets:/home/jh/rmf_ws/install/rmf_robot_sim_gazebo_plugins:/home/jh/rmf_ws/install/rmf_robot_sim_common:/home/jh/rmf_ws/install/rmf_building_sim_ignition_plugins:/home/jh/rmf_ws/install/rmf_building_sim_gazebo_plugins:/home/jh/rmf_ws/install/rmf_building_sim_common:/home/jh/rmf_ws/install/rmf_lift_msgs:/home/jh/rmf_ws/install/rmf_ingestor_msgs:/home/jh/rmf_ws/install/rmf_fleet_msgs:/home/jh/rmf_ws/install/rmf_door_msgs:/home/jh/rmf_ws/install/rmf_dispenser_msgs:/home/jh/rmf_ws/install/rmf_demos_maps:/home/jh/rmf_ws/install/rmf_demos_dashboard_resources:/home/jh/rmf_ws/install/rmf_cmake_uncrustify:/home/jh/rmf_ws/install/rmf_charger_msgs:/home/jh/rmf_ws/install/rmf_building_map_msgs:/home/jh/rmf_ws/install/pybind_ament:/home/jh/rmf_ws/install/rmf_visualization_fleet_states:/home/jh/rmf_ws/install/rmf_fleet_adapter_python:/home/jh/rmf_ws/install/rmf_traffic_editor_assets:/home/jh/rmf_ws/install/rmf_demos_tasks:/home/jh/rmf_ws/install/rmf_demos_panel:/home/jh/rmf_ws/install/building_systems_visualizer:/home/jh/rmf_ws/install/rmf_building_map_tools:/opt/ros/foxy:/home/jh/rmf_ws/install/menge:/home/jh/rmf_ws/install/ament_cmake_catch2 /usr/bin/cmake --build /home/jh/Dev/barkin_mad_ws/src/axoltl/build/axolotl -- -j12 -l12
[0.042s] -- Found ament_cmake: 0.9.8 (/opt/ros/foxy/share/ament_cmake/cmake)
[0.064s] -- Using PYTHON_EXECUTABLE: /usr/bin/python3
[0.242s] -- Found rmf_fleet_adapter: 1.2.0 (/home/jh/rmf_ws/install/rmf_fleet_adapter/share/rmf_fleet_adapter/cmake)
[0.285s] -- Using all available rosidl_typesupport_c: rosidl_typesupport_fastrtps_c;rosidl_typesupport_introspection_c
[0.288s] -- Found rosidl_adapter: 1.2.0 (/opt/ros/foxy/share/rosidl_adapter/cmake)
[0.399s] -- Using all available rosidl_typesupport_cpp: rosidl_typesupport_fastrtps_cpp;rosidl_typesupport_introspection_cpp
[0.567s] -- Found rmw_implementation_cmake: 1.0.2 (/opt/ros/foxy/share/rmw_implementation_cmake/cmake)
[0.570s] -- Using RMW implementation 'rmw_cyclonedds_cpp' as default
[1.212s] -- Configuring done
[1.238s] -- Generating done
[1.239s] -- Build files have been written to: /home/jh/Dev/barkin_mad_ws/src/axoltl/build/axolotl
[1.265s] [35m[1mScanning dependencies of target axolotl[0m
[1.318s] [ 50%] [32mBuilding CXX object CMakeFiles/axolotl.dir/src/main.cpp.o[0m
[3.430s] [01m[K/home/jh/Dev/barkin_mad_ws/src/axoltl/src/main.cpp:[m[K In function ‘[01m[Kstd::shared_ptr<Connections> make_fleet(const AdapterPtr&)[m[K’:
[3.430s] [01m[K/home/jh/Dev/barkin_mad_ws/src/axoltl/src/main.cpp:955:66:[m[K [01;35m[Kwarning: [m[K‘[01m[Krmf_fleet_adapter::agv::FleetUpdateHandle& rmf_fleet_adapter::agv::FleetUpdateHandle::accept_delivery_requests(rmf_fleet_adapter::agv::FleetUpdateHandle::AcceptDeliveryRequest)[m[K’ is deprecated: Use accept_task_requests() instead [[01;35m[K-Wdeprecated-declarations[m[K]
[3.430s]   955 |           [](const rmf_task_msgs::msg::Delivery&){ return true; }[01;35m[K)[m[K;
[3.430s]       |                                                                  [01;35m[K^[m[K
[3.430s] In file included from [01m[K/home/jh/rmf_ws/install/rmf_fleet_adapter/include/rmf_fleet_adapter/agv/Adapter.hpp:20[m[K,
[3.430s]                  from [01m[K/home/jh/Dev/barkin_mad_ws/src/axoltl/src/main.cpp:23[m[K:
[3.430s] [01m[K/home/jh/rmf_ws/install/rmf_fleet_adapter/include/rmf_fleet_adapter/agv/FleetUpdateHandle.hpp:157:22:[m[K [01;36m[Knote: [m[Kdeclared here
[3.430s]   157 |   FleetUpdateHandle& [01;36m[Kaccept_delivery_requests[m[K(AcceptDeliveryRequest check);
[3.430s]       |                      [01;36m[K^~~~~~~~~~~~~~~~~~~~~~~~[m[K
[9.655s] [100%] [32m[1mLinking CXX executable axolotl[0m
[10.387s] [100%] Built target axolotl
[10.397s] Invoked command in '/home/jh/Dev/barkin_mad_ws/src/axoltl/build/axolotl' returned '0': CMAKE_PREFIX_PATH=/home/jh/rmf_ws/install/test_maps:/home/jh/rmf_ws/install/ros_ign:/home/jh/rmf_ws/install/ros_ign_gazebo_demos:/home/jh/rmf_ws/install/ros_ign_image:/home/jh/rmf_ws/install/ros_ign_gazebo:/home/jh/rmf_ws/install/ros_ign_bridge:/home/jh/rmf_ws/install/rmf_workcell_msgs:/home/jh/rmf_ws/install/rmf_visualization:/home/jh/rmf_ws/install/rmf_visualization_schedule:/home/jh/rmf_ws/install/rmf_visualization_rviz2_plugins:/home/jh/rmf_ws/install/rmf_visualization_msgs:/home/jh/rmf_ws/install/rmf_demos:/home/jh/rmf_ws/install/rmf_task_ros2:/home/jh/rmf_ws/install/rmf_fleet_adapter:/home/jh/rmf_ws/install/rmf_traffic_ros2:/home/jh/rmf_ws/install/rmf_task:/home/jh/rmf_ws/install/rmf_battery:/home/jh/rmf_ws/install/rmf_traffic:/home/jh/rmf_ws/install/rmf_utils:/home/jh/rmf_ws/install/rmf_traffic_msgs:/home/jh/rmf_ws/install/rmf_traffic_editor:/home/jh/rmf_ws/install/rmf_task_msgs:/home/jh/rmf_ws/install/rmf_robot_sim_ignition_plugins:/home/jh/rmf_ws/install/rmf_demos_assets:/home/jh/rmf_ws/install/rmf_robot_sim_gazebo_plugins:/home/jh/rmf_ws/install/rmf_robot_sim_common:/home/jh/rmf_ws/install/rmf_building_sim_ignition_plugins:/home/jh/rmf_ws/install/rmf_building_sim_gazebo_plugins:/home/jh/rmf_ws/install/rmf_building_sim_common:/home/jh/rmf_ws/install/rmf_lift_msgs:/home/jh/rmf_ws/install/rmf_ingestor_msgs:/home/jh/rmf_ws/install/rmf_fleet_msgs:/home/jh/rmf_ws/install/rmf_door_msgs:/home/jh/rmf_ws/install/rmf_dispenser_msgs:/home/jh/rmf_ws/install/rmf_demos_maps:/home/jh/rmf_ws/install/rmf_demos_dashboard_resources:/home/jh/rmf_ws/install/rmf_cmake_uncrustify:/home/jh/rmf_ws/install/rmf_charger_msgs:/home/jh/rmf_ws/install/rmf_building_map_msgs:/home/jh/rmf_ws/install/pybind_ament:/home/jh/rmf_ws/install/rmf_visualization_fleet_states:/home/jh/rmf_ws/install/rmf_fleet_adapter_python:/home/jh/rmf_ws/install/rmf_traffic_editor_assets:/home/jh/rmf_ws/install/rmf_demos_tasks:/home/jh/rmf_ws/install/rmf_demos_panel:/home/jh/rmf_ws/install/building_systems_visualizer:/home/jh/rmf_ws/install/rmf_building_map_tools:/opt/ros/foxy:/home/jh/rmf_ws/install/menge:/home/jh/rmf_ws/install/ament_cmake_catch2 /usr/bin/cmake --build /home/jh/Dev/barkin_mad_ws/src/axoltl/build/axolotl -- -j12 -l12
[10.435s] Invoking command in '/home/jh/Dev/barkin_mad_ws/src/axoltl/build/axolotl': CMAKE_PREFIX_PATH=/home/jh/rmf_ws/install/test_maps:/home/jh/rmf_ws/install/ros_ign:/home/jh/rmf_ws/install/ros_ign_gazebo_demos:/home/jh/rmf_ws/install/ros_ign_image:/home/jh/rmf_ws/install/ros_ign_gazebo:/home/jh/rmf_ws/install/ros_ign_bridge:/home/jh/rmf_ws/install/rmf_workcell_msgs:/home/jh/rmf_ws/install/rmf_visualization:/home/jh/rmf_ws/install/rmf_visualization_schedule:/home/jh/rmf_ws/install/rmf_visualization_rviz2_plugins:/home/jh/rmf_ws/install/rmf_visualization_msgs:/home/jh/rmf_ws/install/rmf_demos:/home/jh/rmf_ws/install/rmf_task_ros2:/home/jh/rmf_ws/install/rmf_fleet_adapter:/home/jh/rmf_ws/install/rmf_traffic_ros2:/home/jh/rmf_ws/install/rmf_task:/home/jh/rmf_ws/install/rmf_battery:/home/jh/rmf_ws/install/rmf_traffic:/home/jh/rmf_ws/install/rmf_utils:/home/jh/rmf_ws/install/rmf_traffic_msgs:/home/jh/rmf_ws/install/rmf_traffic_editor:/home/jh/rmf_ws/install/rmf_task_msgs:/home/jh/rmf_ws/install/rmf_robot_sim_ignition_plugins:/home/jh/rmf_ws/install/rmf_demos_assets:/home/jh/rmf_ws/install/rmf_robot_sim_gazebo_plugins:/home/jh/rmf_ws/install/rmf_robot_sim_common:/home/jh/rmf_ws/install/rmf_building_sim_ignition_plugins:/home/jh/rmf_ws/install/rmf_building_sim_gazebo_plugins:/home/jh/rmf_ws/install/rmf_building_sim_common:/home/jh/rmf_ws/install/rmf_lift_msgs:/home/jh/rmf_ws/install/rmf_ingestor_msgs:/home/jh/rmf_ws/install/rmf_fleet_msgs:/home/jh/rmf_ws/install/rmf_door_msgs:/home/jh/rmf_ws/install/rmf_dispenser_msgs:/home/jh/rmf_ws/install/rmf_demos_maps:/home/jh/rmf_ws/install/rmf_demos_dashboard_resources:/home/jh/rmf_ws/install/rmf_cmake_uncrustify:/home/jh/rmf_ws/install/rmf_charger_msgs:/home/jh/rmf_ws/install/rmf_building_map_msgs:/home/jh/rmf_ws/install/pybind_ament:/home/jh/rmf_ws/install/rmf_visualization_fleet_states:/home/jh/rmf_ws/install/rmf_fleet_adapter_python:/home/jh/rmf_ws/install/rmf_traffic_editor_assets:/home/jh/rmf_ws/install/rmf_demos_tasks:/home/jh/rmf_ws/install/rmf_demos_panel:/home/jh/rmf_ws/install/building_systems_visualizer:/home/jh/rmf_ws/install/rmf_building_map_tools:/opt/ros/foxy:/home/jh/rmf_ws/install/menge:/home/jh/rmf_ws/install/ament_cmake_catch2 /usr/bin/cmake --install /home/jh/Dev/barkin_mad_ws/src/axoltl/build/axolotl
[10.445s] -- Install configuration: ""
[10.445s] -- Installing: /home/jh/Dev/barkin_mad_ws/src/axoltl/install/axolotl/lib/axolotl/axolotl
[10.448s] -- Set runtime path of "/home/jh/Dev/barkin_mad_ws/src/axoltl/install/axolotl/lib/axolotl/axolotl" to ""
[10.449s] -- Up-to-date: /home/jh/Dev/barkin_mad_ws/src/axoltl/install/axolotl/share/ament_index/resource_index/package_run_dependencies/axolotl
[10.449s] -- Up-to-date: /home/jh/Dev/barkin_mad_ws/src/axoltl/install/axolotl/share/ament_index/resource_index/parent_prefix_path/axolotl
[10.449s] -- Up-to-date: /home/jh/Dev/barkin_mad_ws/src/axoltl/install/axolotl/share/axolotl/environment/ament_prefix_path.sh
[10.449s] -- Installing: /home/jh/Dev/barkin_mad_ws/src/axoltl/install/axolotl/share/axolotl/environment/ament_prefix_path.dsv
[10.449s] -- Up-to-date: /home/jh/Dev/barkin_mad_ws/src/axoltl/install/axolotl/share/axolotl/environment/path.sh
[10.449s] -- Installing: /home/jh/Dev/barkin_mad_ws/src/axoltl/install/axolotl/share/axolotl/environment/path.dsv
[10.449s] -- Up-to-date: /home/jh/Dev/barkin_mad_ws/src/axoltl/install/axolotl/share/axolotl/local_setup.bash
[10.449s] -- Up-to-date: /home/jh/Dev/barkin_mad_ws/src/axoltl/install/axolotl/share/axolotl/local_setup.sh
[10.449s] -- Up-to-date: /home/jh/Dev/barkin_mad_ws/src/axoltl/install/axolotl/share/axolotl/local_setup.zsh
[10.449s] -- Installing: /home/jh/Dev/barkin_mad_ws/src/axoltl/install/axolotl/share/axolotl/local_setup.dsv
[10.449s] -- Installing: /home/jh/Dev/barkin_mad_ws/src/axoltl/install/axolotl/share/axolotl/package.dsv
[10.450s] -- Up-to-date: /home/jh/Dev/barkin_mad_ws/src/axoltl/install/axolotl/share/ament_index/resource_index/packages/axolotl
[10.450s] -- Up-to-date: /home/jh/Dev/barkin_mad_ws/src/axoltl/install/axolotl/share/axolotl/cmake/axolotlConfig.cmake
[10.450s] -- Up-to-date: /home/jh/Dev/barkin_mad_ws/src/axoltl/install/axolotl/share/axolotl/cmake/axolotlConfig-version.cmake
[10.450s] -- Up-to-date: /home/jh/Dev/barkin_mad_ws/src/axoltl/install/axolotl/share/axolotl/package.xml
[10.452s] Invoked command in '/home/jh/Dev/barkin_mad_ws/src/axoltl/build/axolotl' returned '0': CMAKE_PREFIX_PATH=/home/jh/rmf_ws/install/test_maps:/home/jh/rmf_ws/install/ros_ign:/home/jh/rmf_ws/install/ros_ign_gazebo_demos:/home/jh/rmf_ws/install/ros_ign_image:/home/jh/rmf_ws/install/ros_ign_gazebo:/home/jh/rmf_ws/install/ros_ign_bridge:/home/jh/rmf_ws/install/rmf_workcell_msgs:/home/jh/rmf_ws/install/rmf_visualization:/home/jh/rmf_ws/install/rmf_visualization_schedule:/home/jh/rmf_ws/install/rmf_visualization_rviz2_plugins:/home/jh/rmf_ws/install/rmf_visualization_msgs:/home/jh/rmf_ws/install/rmf_demos:/home/jh/rmf_ws/install/rmf_task_ros2:/home/jh/rmf_ws/install/rmf_fleet_adapter:/home/jh/rmf_ws/install/rmf_traffic_ros2:/home/jh/rmf_ws/install/rmf_task:/home/jh/rmf_ws/install/rmf_battery:/home/jh/rmf_ws/install/rmf_traffic:/home/jh/rmf_ws/install/rmf_utils:/home/jh/rmf_ws/install/rmf_traffic_msgs:/home/jh/rmf_ws/install/rmf_traffic_editor:/home/jh/rmf_ws/install/rmf_task_msgs:/home/jh/rmf_ws/install/rmf_robot_sim_ignition_plugins:/home/jh/rmf_ws/install/rmf_demos_assets:/home/jh/rmf_ws/install/rmf_robot_sim_gazebo_plugins:/home/jh/rmf_ws/install/rmf_robot_sim_common:/home/jh/rmf_ws/install/rmf_building_sim_ignition_plugins:/home/jh/rmf_ws/install/rmf_building_sim_gazebo_plugins:/home/jh/rmf_ws/install/rmf_building_sim_common:/home/jh/rmf_ws/install/rmf_lift_msgs:/home/jh/rmf_ws/install/rmf_ingestor_msgs:/home/jh/rmf_ws/install/rmf_fleet_msgs:/home/jh/rmf_ws/install/rmf_door_msgs:/home/jh/rmf_ws/install/rmf_dispenser_msgs:/home/jh/rmf_ws/install/rmf_demos_maps:/home/jh/rmf_ws/install/rmf_demos_dashboard_resources:/home/jh/rmf_ws/install/rmf_cmake_uncrustify:/home/jh/rmf_ws/install/rmf_charger_msgs:/home/jh/rmf_ws/install/rmf_building_map_msgs:/home/jh/rmf_ws/install/pybind_ament:/home/jh/rmf_ws/install/rmf_visualization_fleet_states:/home/jh/rmf_ws/install/rmf_fleet_adapter_python:/home/jh/rmf_ws/install/rmf_traffic_editor_assets:/home/jh/rmf_ws/install/rmf_demos_tasks:/home/jh/rmf_ws/install/rmf_demos_panel:/home/jh/rmf_ws/install/building_systems_visualizer:/home/jh/rmf_ws/install/rmf_building_map_tools:/opt/ros/foxy:/home/jh/rmf_ws/install/menge:/home/jh/rmf_ws/install/ament_cmake_catch2 /usr/bin/cmake --install /home/jh/Dev/barkin_mad_ws/src/axoltl/build/axolotl
